â”Ś Info: Point job starting
â”‚   prior = "spiky"
â”‚   zindex = 11
â”‚   z0 = 2.0
â”‚   block = 2
â”‚   rep_start = 21
â”‚   rep_end = 40
â””   nreps_total = 40
â”Ś Info: point progress
â”‚   prior = "spiky"
â”‚   z0 = 2.0
â”‚   block = 2
â”‚   rep = 21
â”‚   rep_start = 21
â””   rep_end = 40
â”Ś Info: point progress
â”‚   prior = "spiky"
â”‚   z0 = 2.0
â”‚   block = 2
â”‚   rep = 22
â”‚   rep_start = 21
â””   rep_end = 40
â”Ś Info: point progress
â”‚   prior = "spiky"
â”‚   z0 = 2.0
â”‚   block = 2
â”‚   rep = 24
â”‚   rep_start = 21
â””   rep_end = 40
â”Ś Info: point progress
â”‚   prior = "spiky"
â”‚   z0 = 2.0
â”‚   block = 2
â”‚   rep = 26
â”‚   rep_start = 21
â””   rep_end = 40
â”Ś Info: point progress
â”‚   prior = "spiky"
â”‚   z0 = 2.0
â”‚   block = 2
â”‚   rep = 28
â”‚   rep_start = 21
â””   rep_end = 40
â”Ś Info: point progress
â”‚   prior = "spiky"
â”‚   z0 = 2.0
â”‚   block = 2
â”‚   rep = 30
â”‚   rep_start = 21
â””   rep_end = 40
â”Ś Info: point progress
â”‚   prior = "spiky"
â”‚   z0 = 2.0
â”‚   block = 2
â”‚   rep = 32
â”‚   rep_start = 21
â””   rep_end = 40
â”Ś Info: point progress
â”‚   prior = "spiky"
â”‚   z0 = 2.0
â”‚   block = 2
â”‚   rep = 34
â”‚   rep_start = 21
â””   rep_end = 40
â”Ś Info: point progress
â”‚   prior = "spiky"
â”‚   z0 = 2.0
â”‚   block = 2
â”‚   rep = 36
â”‚   rep_start = 21
â””   rep_end = 40
â”Ś Info: point progress
â”‚   prior = "spiky"
â”‚   z0 = 2.0
â”‚   block = 2
â”‚   rep = 38
â”‚   rep_start = 21
â””   rep_end = 40
â”Ś Info: point progress
â”‚   prior = "spiky"
â”‚   z0 = 2.0
â”‚   block = 2
â”‚   rep = 40
â”‚   rep_start = 21
â””   rep_end = 40
â”Ś Info: Wrote partial
â””   path = "results/paper_fig4_quick/partial/postmean_point_spiky_zidx011_block002.csv"
