â”Ś Info: Point job starting
â”‚   prior = "spiky"
â”‚   zindex = 9
â”‚   z0 = 1.0
â”‚   block = 1
â”‚   rep_start = 1
â”‚   rep_end = 20
â””   nreps_total = 40
â”Ś Info: point progress
â”‚   prior = "spiky"
â”‚   z0 = 1.0
â”‚   block = 1
â”‚   rep = 1
â”‚   rep_start = 1
â””   rep_end = 20
â”Ś Info: point progress
â”‚   prior = "spiky"
â”‚   z0 = 1.0
â”‚   block = 1
â”‚   rep = 2
â”‚   rep_start = 1
â””   rep_end = 20
â”Ś Info: point progress
â”‚   prior = "spiky"
â”‚   z0 = 1.0
â”‚   block = 1
â”‚   rep = 4
â”‚   rep_start = 1
â””   rep_end = 20
â”Ś Info: point progress
â”‚   prior = "spiky"
â”‚   z0 = 1.0
â”‚   block = 1
â”‚   rep = 6
â”‚   rep_start = 1
â””   rep_end = 20
â”Ś Info: point progress
â”‚   prior = "spiky"
â”‚   z0 = 1.0
â”‚   block = 1
â”‚   rep = 8
â”‚   rep_start = 1
â””   rep_end = 20
â”Ś Info: point progress
â”‚   prior = "spiky"
â”‚   z0 = 1.0
â”‚   block = 1
â”‚   rep = 10
â”‚   rep_start = 1
â””   rep_end = 20
â”Ś Info: point progress
â”‚   prior = "spiky"
â”‚   z0 = 1.0
â”‚   block = 1
â”‚   rep = 12
â”‚   rep_start = 1
â””   rep_end = 20
â”Ś Info: point progress
â”‚   prior = "spiky"
â”‚   z0 = 1.0
â”‚   block = 1
â”‚   rep = 14
â”‚   rep_start = 1
â””   rep_end = 20
â”Ś Info: point progress
â”‚   prior = "spiky"
â”‚   z0 = 1.0
â”‚   block = 1
â”‚   rep = 16
â”‚   rep_start = 1
â””   rep_end = 20
â”Ś Info: point progress
â”‚   prior = "spiky"
â”‚   z0 = 1.0
â”‚   block = 1
â”‚   rep = 18
â”‚   rep_start = 1
â””   rep_end = 20
â”Ś Info: point progress
â”‚   prior = "spiky"
â”‚   z0 = 1.0
â”‚   block = 1
â”‚   rep = 20
â”‚   rep_start = 1
â””   rep_end = 20
â”Ś Info: Wrote partial
â””   path = "results/paper_fig4_quick/partial/postmean_point_spiky_zidx009_block001.csv"
