[ Info: Wrote plots to results/plots
[ Info: Wrote results to results/gaussian_sim_dkw_ci.csv
[ Info: Wrote results to results/gaussian_sim_gauss_ci.csv
[ Info: Wrote results to results/gaussian_sim_wasserstein_ci.csv
[ Info: Wrote results to results/gaussian_sim_wasserstein_clt_ci.csv
[ Info: Wrote results to results/gaussian_sim_wasserstein_dkw_ci.csv
[ Info: Wrote results to results/gaussian_sim_wasserstein_smooth_clt_ci.csv
┌ Info: Downloading prostate z-scores (prostz.txt)
│   dest = "/mmfs1/home/hmao25/regularized_wasserstein_f_loc/data/prostate/prostz.txt"
└   url = "https://hastie.su.domains/CASI_files/DATA/prostz.txt"
┌ Info: Loaded prostate z-scores
│   n = 6033
│   file = "/mmfs1/home/hmao25/regularized_wasserstein_f_loc/data/prostate/prostz.txt"
│   min = -4.42391777881103
│   max = 5.29196361700519
│   mean = 0.0030104793313697207
└   sd = 1.1351290243788306
┌ Info: Computing prostate posterior-mean CI bands
│   alpha = 0.05
│   tau = 0.25
│   sigma = 1.0
│   sigmaZ = 1.0307764064044151
│   zgrid = "[-3.0:0.2:3.0]"
└   n = 6033
┌ Info: Done.
└   outdir = "results/paper_fig2_prostate"
