┌ Info: Point job starting
│   prior = "negspiky"
│   zindex = 8
│   z0 = 0.5
│   block = 2
│   rep_start = 21
│   rep_end = 40
└   nreps_total = 40
┌ Info: point progress
│   prior = "negspiky"
│   z0 = 0.5
│   block = 2
│   rep = 21
│   rep_start = 21
└   rep_end = 40
┌ Info: point progress
│   prior = "negspiky"
│   z0 = 0.5
│   block = 2
│   rep = 22
│   rep_start = 21
└   rep_end = 40
┌ Info: point progress
│   prior = "negspiky"
│   z0 = 0.5
│   block = 2
│   rep = 24
│   rep_start = 21
└   rep_end = 40
┌ Info: point progress
│   prior = "negspiky"
│   z0 = 0.5
│   block = 2
│   rep = 26
│   rep_start = 21
└   rep_end = 40
┌ Info: point progress
│   prior = "negspiky"
│   z0 = 0.5
│   block = 2
│   rep = 28
│   rep_start = 21
└   rep_end = 40
┌ Info: point progress
│   prior = "negspiky"
│   z0 = 0.5
│   block = 2
│   rep = 30
│   rep_start = 21
└   rep_end = 40
┌ Info: point progress
│   prior = "negspiky"
│   z0 = 0.5
│   block = 2
│   rep = 32
│   rep_start = 21
└   rep_end = 40
┌ Info: point progress
│   prior = "negspiky"
│   z0 = 0.5
│   block = 2
│   rep = 34
│   rep_start = 21
└   rep_end = 40
┌ Info: point progress
│   prior = "negspiky"
│   z0 = 0.5
│   block = 2
│   rep = 36
│   rep_start = 21
└   rep_end = 40
┌ Info: point progress
│   prior = "negspiky"
│   z0 = 0.5
│   block = 2
│   rep = 38
│   rep_start = 21
└   rep_end = 40
┌ Info: point progress
│   prior = "negspiky"
│   z0 = 0.5
│   block = 2
│   rep = 40
│   rep_start = 21
└   rep_end = 40
┌ Info: Wrote partial
└   path = "results/paper_fig4_quick/partial/postmean_point_negspiky_zidx008_block002.csv"
