┌ Info: Point job starting
│   prior = "negspiky"
│   zindex = 10
│   z0 = 1.5
│   block = 1
│   rep_start = 1
│   rep_end = 20
└   nreps_total = 40
┌ Info: point progress
│   prior = "negspiky"
│   z0 = 1.5
│   block = 1
│   rep = 1
│   rep_start = 1
└   rep_end = 20
┌ Info: point progress
│   prior = "negspiky"
│   z0 = 1.5
│   block = 1
│   rep = 2
│   rep_start = 1
└   rep_end = 20
┌ Info: point progress
│   prior = "negspiky"
│   z0 = 1.5
│   block = 1
│   rep = 4
│   rep_start = 1
└   rep_end = 20
┌ Info: point progress
│   prior = "negspiky"
│   z0 = 1.5
│   block = 1
│   rep = 6
│   rep_start = 1
└   rep_end = 20
┌ Info: point progress
│   prior = "negspiky"
│   z0 = 1.5
│   block = 1
│   rep = 8
│   rep_start = 1
└   rep_end = 20
┌ Info: point progress
│   prior = "negspiky"
│   z0 = 1.5
│   block = 1
│   rep = 10
│   rep_start = 1
└   rep_end = 20
┌ Info: point progress
│   prior = "negspiky"
│   z0 = 1.5
│   block = 1
│   rep = 12
│   rep_start = 1
└   rep_end = 20
┌ Info: point progress
│   prior = "negspiky"
│   z0 = 1.5
│   block = 1
│   rep = 14
│   rep_start = 1
└   rep_end = 20
┌ Info: point progress
│   prior = "negspiky"
│   z0 = 1.5
│   block = 1
│   rep = 16
│   rep_start = 1
└   rep_end = 20
┌ Info: point progress
│   prior = "negspiky"
│   z0 = 1.5
│   block = 1
│   rep = 18
│   rep_start = 1
└   rep_end = 20
┌ Info: point progress
│   prior = "negspiky"
│   z0 = 1.5
│   block = 1
│   rep = 20
│   rep_start = 1
└   rep_end = 20
┌ Info: Wrote partial
└   path = "results/paper_fig4_quick/partial/postmean_point_negspiky_zidx010_block001.csv"
